\BOOKMARK [1][-]{section.1}{\376\377\000Q\000u\000e\000s\000t\000i\000o\000n\000\040\0001\000:\000\040\000S\000i\000z\000e\000-\000B\000a\000s\000e\000d\000\040\000T\000h\000r\000e\000s\000h\000o\000l\000d\000i\000n\000g}{}% 1
\BOOKMARK [2][-]{subsection.1.1}{\376\377\000P\000r\000o\000b\000l\000e\000m\000\040\000S\000t\000a\000t\000e\000m\000e\000n\000t}{section.1}% 2
\BOOKMARK [2][-]{subsection.1.2}{\376\377\000M\000e\000t\000h\000o\000d\000o\000l\000o\000g\000y}{section.1}% 3
\BOOKMARK [3][-]{subsubsection.1.2.1}{\376\377\000M\000e\000t\000h\000o\000d\000\040\0001\000:\000\040\000B\000i\000n\000a\000r\000y\000\040\000S\000e\000a\000r\000c\000h}{subsection.1.2}% 4
\BOOKMARK [3][-]{subsubsection.1.2.2}{\376\377\000M\000e\000t\000h\000o\000d\000\040\0002\000:\000\040\000H\000i\000s\000t\000o\000g\000r\000a\000m\000-\000B\000a\000s\000e\000d}{subsection.1.2}% 5
\BOOKMARK [2][-]{subsection.1.3}{\376\377\000I\000m\000p\000l\000e\000m\000e\000n\000t\000a\000t\000i\000o\000n}{section.1}% 6
\BOOKMARK [3][-]{subsubsection.1.3.1}{\376\377\000P\000y\000t\000h\000o\000n\000\040\000I\000m\000p\000l\000e\000m\000e\000n\000t\000a\000t\000i\000o\000n\000\040\000\050\000P\000C\000\051}{subsection.1.3}% 7
\BOOKMARK [3][-]{subsubsection.1.3.2}{\376\377\000E\000S\000P\0003\0002\000-\000C\000A\000M\000\040\000I\000m\000p\000l\000e\000m\000e\000n\000t\000a\000t\000i\000o\000n\000\040\000\050\000C\000\051}{subsection.1.3}% 8
\BOOKMARK [2][-]{subsection.1.4}{\376\377\000R\000e\000s\000u\000l\000t\000s\000\040\000a\000n\000d\000\040\000E\000v\000a\000l\000u\000a\000t\000i\000o\000n}{section.1}% 9
\BOOKMARK [1][-]{section.2}{\376\377\000Q\000u\000e\000s\000t\000i\000o\000n\000\040\0002\000:\000\040\000Y\000O\000L\000O\000\040\000H\000a\000n\000d\000w\000r\000i\000t\000t\000e\000n\000\040\000D\000i\000g\000i\000t\000\040\000D\000e\000t\000e\000c\000t\000i\000o\000n}{}% 10
\BOOKMARK [2][-]{subsection.2.1}{\376\377\000P\000r\000o\000b\000l\000e\000m\000\040\000S\000t\000a\000t\000e\000m\000e\000n\000t}{section.2}% 11
\BOOKMARK [2][-]{subsection.2.2}{\376\377\000M\000e\000t\000h\000o\000d\000o\000l\000o\000g\000y}{section.2}% 12
\BOOKMARK [3][-]{subsubsection.2.2.1}{\376\377\000Y\000O\000L\000O\000\040\000A\000r\000c\000h\000i\000t\000e\000c\000t\000u\000r\000e\000\040\000f\000o\000r\000\040\000E\000m\000b\000e\000d\000d\000e\000d\000\040\000S\000y\000s\000t\000e\000m\000s}{subsection.2.2}% 13
\BOOKMARK [3][-]{subsubsection.2.2.2}{\376\377\000T\000r\000a\000i\000n\000i\000n\000g\000\040\000P\000i\000p\000e\000l\000i\000n\000e}{subsection.2.2}% 14
\BOOKMARK [2][-]{subsection.2.3}{\376\377\000I\000m\000p\000l\000e\000m\000e\000n\000t\000a\000t\000i\000o\000n}{section.2}% 15
\BOOKMARK [2][-]{subsection.2.4}{\376\377\000E\000S\000P\0003\0002\000\040\000I\000n\000f\000e\000r\000e\000n\000c\000e}{section.2}% 16
\BOOKMARK [1][-]{section.3}{\376\377\000Q\000u\000e\000s\000t\000i\000o\000n\000\040\0003\000:\000\040\000U\000p\000s\000a\000m\000p\000l\000i\000n\000g\000\040\000a\000n\000d\000\040\000D\000o\000w\000n\000s\000a\000m\000p\000l\000i\000n\000g}{}% 17
\BOOKMARK [2][-]{subsection.3.1}{\376\377\000P\000r\000o\000b\000l\000e\000m\000\040\000S\000t\000a\000t\000e\000m\000e\000n\000t}{section.3}% 18
\BOOKMARK [2][-]{subsection.3.2}{\376\377\000M\000e\000t\000h\000o\000d\000o\000l\000o\000g\000y}{section.3}% 19
\BOOKMARK [3][-]{subsubsection.3.2.1}{\376\377\000I\000n\000t\000e\000r\000p\000o\000l\000a\000t\000i\000o\000n\000\040\000M\000e\000t\000h\000o\000d\000s}{subsection.3.2}% 20
\BOOKMARK [3][-]{subsubsection.3.2.2}{\376\377\000A\000n\000t\000i\000-\000A\000l\000i\000a\000s\000i\000n\000g\000\040\000f\000o\000r\000\040\000D\000o\000w\000n\000s\000a\000m\000p\000l\000i\000n\000g}{subsection.3.2}% 21
\BOOKMARK [2][-]{subsection.3.3}{\376\377\000I\000m\000p\000l\000e\000m\000e\000n\000t\000a\000t\000i\000o\000n}{section.3}% 22
\BOOKMARK [2][-]{subsection.3.4}{\376\377\000R\000e\000s\000u\000l\000t\000s}{section.3}% 23
\BOOKMARK [1][-]{section.4}{\376\377\000Q\000u\000e\000s\000t\000i\000o\000n\000\040\0004\000:\000\040\000M\000u\000l\000t\000i\000-\000M\000o\000d\000e\000l\000\040\000D\000i\000g\000i\000t\000\040\000R\000e\000c\000o\000g\000n\000i\000t\000i\000o\000n}{}% 24
\BOOKMARK [2][-]{subsection.4.1}{\376\377\000P\000r\000o\000b\000l\000e\000m\000\040\000S\000t\000a\000t\000e\000m\000e\000n\000t}{section.4}% 25
\BOOKMARK [2][-]{subsection.4.2}{\376\377\000M\000e\000t\000h\000o\000d\000o\000l\000o\000g\000y}{section.4}% 26
\BOOKMARK [3][-]{subsubsection.4.2.1}{\376\377\000M\000o\000d\000e\000l\000\040\000A\000r\000c\000h\000i\000t\000e\000c\000t\000u\000r\000e\000s}{subsection.4.2}% 27
\BOOKMARK [3][-]{subsubsection.4.2.2}{\376\377\000F\000u\000s\000i\000o\000n\000\040\000M\000e\000t\000h\000o\000d\000s}{subsection.4.2}% 28
\BOOKMARK [2][-]{subsection.4.3}{\376\377\000I\000m\000p\000l\000e\000m\000e\000n\000t\000a\000t\000i\000o\000n\000\040\000H\000i\000g\000h\000l\000i\000g\000h\000t\000s}{section.4}% 29
\BOOKMARK [2][-]{subsection.4.4}{\376\377\000R\000e\000s\000u\000l\000t\000s}{section.4}% 30
\BOOKMARK [1][-]{section.5}{\376\377\000Q\000u\000e\000s\000t\000i\000o\000n\000\040\0005\000\040\000\050\000B\000O\000N\000U\000S\000\051\000:\000\040\000F\000O\000M\000O\000\040\000a\000n\000d\000\040\000S\000S\000D\000+\000M\000o\000b\000i\000l\000e\000N\000e\000t}{}% 31
\BOOKMARK [2][-]{subsection.5.1}{\376\377\000F\000O\000M\000O\000\040\000\050\000F\000a\000s\000t\000e\000r\000\040\000O\000b\000j\000e\000c\000t\000s\000,\000\040\000M\000o\000r\000e\000\040\000O\000b\000j\000e\000c\000t\000s\000\051}{section.5}% 32
\BOOKMARK [3][-]{subsubsection.5.1.1}{\376\377\000A\000r\000c\000h\000i\000t\000e\000c\000t\000u\000r\000e}{subsection.5.1}% 33
\BOOKMARK [3][-]{subsubsection.5.1.2}{\376\377\000I\000m\000p\000l\000e\000m\000e\000n\000t\000a\000t\000i\000o\000n}{subsection.5.1}% 34
\BOOKMARK [2][-]{subsection.5.2}{\376\377\000S\000S\000D\000+\000M\000o\000b\000i\000l\000e\000N\000e\000t}{section.5}% 35
\BOOKMARK [3][-]{subsubsection.5.2.1}{\376\377\000A\000r\000c\000h\000i\000t\000e\000c\000t\000u\000r\000e}{subsection.5.2}% 36
\BOOKMARK [3][-]{subsubsection.5.2.2}{\376\377\000L\000o\000s\000s\000\040\000F\000u\000n\000c\000t\000i\000o\000n}{subsection.5.2}% 37
\BOOKMARK [1][-]{section.6}{\376\377\000Q\000u\000e\000s\000t\000i\000o\000n\000\040\0006\000\040\000\050\000B\000O\000N\000U\000S\000\051\000:\000\040\000M\000o\000b\000i\000l\000e\000V\000i\000T}{}% 38
\BOOKMARK [2][-]{subsection.6.1}{\376\377\000A\000r\000c\000h\000i\000t\000e\000c\000t\000u\000r\000e\000\040\000O\000v\000e\000r\000v\000i\000e\000w}{section.6}% 39
\BOOKMARK [2][-]{subsection.6.2}{\376\377\000K\000e\000y\000\040\000C\000o\000m\000p\000o\000n\000e\000n\000t\000s}{section.6}% 40
\BOOKMARK [3][-]{subsubsection.6.2.1}{\376\377\000M\000o\000b\000i\000l\000e\000V\000i\000T\000\040\000B\000l\000o\000c\000k}{subsection.6.2}% 41
\BOOKMARK [3][-]{subsubsection.6.2.2}{\376\377\000M\000u\000l\000t\000i\000-\000H\000e\000a\000d\000\040\000S\000e\000l\000f\000-\000A\000t\000t\000e\000n\000t\000i\000o\000n}{subsection.6.2}% 42
\BOOKMARK [2][-]{subsection.6.3}{\376\377\000C\000h\000a\000l\000l\000e\000n\000g\000e\000s\000\040\000o\000n\000\040\000E\000S\000P\0003\0002}{section.6}% 43
\BOOKMARK [1][-]{section.7}{\376\377\000C\000o\000n\000c\000l\000u\000s\000i\000o\000n}{}% 44
\BOOKMARK [2][-]{subsection.7.1}{\376\377\000L\000e\000s\000s\000o\000n\000s\000\040\000L\000e\000a\000r\000n\000e\000d}{section.7}% 45
\BOOKMARK [1][-]{section.8}{\376\377\000R\000e\000f\000e\000r\000e\000n\000c\000e\000s}{}% 46
